
> expense-app@0.0.0 test
> ng test --browsers=ChromeHeadless --watch=false --code-coverage=false

[33m‚ùØ[39m Building...
[32m‚úî[39m Building...
[1mInitial chunk files[22m                    [2m | [22m[1mNames[22m                               [2m | [22m [1mRaw size[22m
[32mchunk-M6A4LQYG.js[39m                      [2m | [22m[2m-[22m                                   [2m | [22m  [36m2.32 MB[39m[2m | [22m
[32mpolyfills.js[39m                           [2m | [22m[2mpolyfills[22m                           [2m | [22m  [36m1.04 MB[39m[2m | [22m
[32mchunk-CYYMEWVN.js[39m                      [2m | [22m[2m-[22m                                   [2m | [22m[36m485.71 kB[39m[2m | [22m
[32mspec-app.spec.js[39m                       [2m | [22m[2mspec-app.spec[22m                       [2m | [22m[36m466.51 kB[39m[2m | [22m
[32mchunk-LPYZNP2L.js[39m                      [2m | [22m[2m-[22m                                   [2m | [22m[36m281.33 kB[39m[2m | [22m
[32mchunk-M3V5TSO6.js[39m                      [2m | [22m[2m-[22m                                   [2m | [22m[36m242.96 kB[39m[2m | [22m
[32mchunk-U367UJ35.js[39m                      [2m | [22m[2m-[22m                                   [2m | [22m[36m231.95 kB[39m[2m | [22m
[32mchunk-CBMJS3EH.js[39m                      [2m | [22m[2m-[22m                                   [2m | [22m[36m207.94 kB[39m[2m | [22m
[32mchunk-AS5MMASY.js[39m                      [2m | [22m[2m-[22m                                   [2m | [22m[36m198.60 kB[39m[2m | [22m
[32mchunk-QH2VPTVH.js[39m                      [2m | [22m[2m-[22m                                   [2m | [22m[36m198.37 kB[39m[2m | [22m
[32mchunk-3YGFKPOT.js[39m                      [2m | [22m[2m-[22m                                   [2m | [22m[36m174.85 kB[39m[2m | [22m
[32mchunk-YEGICS6H.js[39m                      [2m | [22m[2m-[22m                                   [2m | [22m[36m161.75 kB[39m[2m | [22m
[32mspec-receipt-upload.spec.js[39m            [2m | [22m[2mspec-receipt-upload.spec[22m            [2m | [22m [36m95.80 kB[39m[2m | [22m
[32mchunk-LGMDD6FR.js[39m                      [2m | [22m[2m-[22m                                   [2m | [22m [36m93.15 kB[39m[2m | [22m
[32mstyles.css[39m                             [2m | [22m[2mstyles[22m                              [2m | [22m [36m90.10 kB[39m[2m | [22m
[32mjasmine-cleanup-1.js[39m                   [2m | [22m[2mjasmine-cleanup-1[22m                   [2m | [22m [36m67.20 kB[39m[2m | [22m
[32mchunk-FETJHSJ3.js[39m                      [2m | [22m[2m-[22m                                   [2m | [22m [36m43.44 kB[39m[2m | [22m
[32mchunk-HBR42OO6.js[39m                      [2m | [22m[2m-[22m                                   [2m | [22m [36m27.30 kB[39m[2m | [22m
[32mchunk-UXKRHGZA.js[39m                      [2m | [22m[2m-[22m                                   [2m | [22m [36m25.68 kB[39m[2m | [22m
[32mspec-register.component.spec.js[39m        [2m | [22m[2mspec-register.component.spec[22m        [2m | [22m [36m23.16 kB[39m[2m | [22m
[32mtest_main.js[39m                           [2m | [22m[2mtest_main[22m                           [2m | [22m [36m21.87 kB[39m[2m | [22m
[32mspec-login.component.spec.js[39m           [2m | [22m[2mspec-login.component.spec[22m           [2m | [22m [36m16.40 kB[39m[2m | [22m
[32mspec-expense.service.spec.js[39m           [2m | [22m[2mspec-expense.service.spec[22m           [2m | [22m [36m15.61 kB[39m[2m | [22m
[32mspec-forgot-password.component.spec.js[39m [2m | [22m[2mspec-forgot-password.component.spec[22m [2m | [22m [36m14.67 kB[39m[2m | [22m
[32mspec-rate-limiter.service.spec.js[39m      [2m | [22m[2mspec-rate-limiter.service.spec[22m      [2m | [22m [36m13.43 kB[39m[2m | [22m
[32mspec-sanitization.service.spec.js[39m      [2m | [22m[2mspec-sanitization.service.spec[22m      [2m | [22m [36m12.83 kB[39m[2m | [22m
[32mchunk-7YENXVCP.js[39m                      [2m | [22m[2m-[22m                                   [2m | [22m [36m11.33 kB[39m[2m | [22m
[32mchunk-RWIZGTL3.js[39m                      [2m | [22m[2m-[22m                                   [2m | [22m [36m10.00 kB[39m[2m | [22m
[32mspec-keyboard-shortcuts.service.spec.js[39m[2m | [22m[2mspec-keyboard-shortcuts.service.spec[22m[2m | [22m  [36m6.78 kB[39m[2m | [22m
[32mchunk-SHAITDXO.js[39m                      [2m | [22m[2m-[22m                                   [2m | [22m  [36m6.74 kB[39m[2m | [22m
[32mspec-breadcrumbs.spec.js[39m               [2m | [22m[2mspec-breadcrumbs.spec[22m               [2m | [22m  [36m6.31 kB[39m[2m | [22m
[32mchunk-VTRYSXTO.js[39m                      [2m | [22m[2m-[22m                                   [2m | [22m  [36m5.87 kB[39m[2m | [22m
[32mspec-shortcuts-help-dialog.spec.js[39m     [2m | [22m[2mspec-shortcuts-help-dialog.spec[22m     [2m | [22m  [36m5.64 kB[39m[2m | [22m
[32mspec-logger.service.spec.js[39m            [2m | [22m[2mspec-logger.service.spec[22m            [2m | [22m  [36m4.63 kB[39m[2m | [22m
[32mchunk-S35DAJRX.js[39m                      [2m | [22m[2m-[22m                                   [2m | [22m  [36m3.56 kB[39m[2m | [22m
[32mjasmine-cleanup-0.js[39m                   [2m | [22m[2mjasmine-cleanup-0[22m                   [2m | [22m[36m519 bytes[39m[2m | [22m

[1m [22m                                      [2m | [22m[1mInitial total[22m                       [2m | [22m  [1m6.63 MB[22m

Application bundle generation complete. [4.872 seconds] - 2025-11-18T15:53:53.446Z

[32m18 11 2025 09:53:53.641:INFO [karma-server]: [39mKarma v6.4.4 server started at http://localhost:9876/
[32m18 11 2025 09:53:53.643:INFO [launcher]: [39mLaunching browsers ChromeHeadless with concurrency unlimited
[32m18 11 2025 09:53:53.648:INFO [launcher]: [39mStarting browser ChromeHeadless
[32m18 11 2025 09:53:55.025:INFO [Chrome Headless 142.0.0.0 (Windows 10)]: [39mConnected on socket MG81T5trbTv7yrv2AAAB with id 33923815
Chrome Headless 142.0.0.0 (Windows 10): Executed 0 of 193[32m SUCCESS[39m (0 secs / 0 secs)
[1A[2KChrome Headless 142.0.0.0 (Windows 10): Executed 1 of 193[32m SUCCESS[39m (0 secs / 0.11 secs)
[1A[2KChrome Headless 142.0.0.0 (Windows 10): Executed 2 of 193[32m SUCCESS[39m (0 secs / 0.133 secs)
[1A[2KChrome Headless 142.0.0.0 (Windows 10): Executed 3 of 193[32m SUCCESS[39m (0 secs / 0.151 secs)
[1A[2KChrome Headless 142.0.0.0 (Windows 10): Executed 4 of 193[32m SUCCESS[39m (0 secs / 0.167 secs)
[1A[2KChrome Headless 142.0.0.0 (Windows 10): Executed 5 of 193[32m SUCCESS[39m (0 secs / 0.188 secs)
[1A[2KChrome Headless 142.0.0.0 (Windows 10): Executed 6 of 193[32m SUCCESS[39m (0 secs / 0.204 secs)
[1A[2KChrome Headless 142.0.0.0 (Windows 10): Executed 7 of 193[32m SUCCESS[39m (0 secs / 0.221 secs)
[1A[2KChrome Headless 142.0.0.0 (Windows 10): Executed 8 of 193[32m SUCCESS[39m (0 secs / 0.237 secs)
[1A[2KChrome Headless 142.0.0.0 (Windows 10): Executed 9 of 193[32m SUCCESS[39m (0 secs / 0.255 secs)
[1A[2KChrome Headless 142.0.0.0 (Windows 10): Executed 10 of 193[32m SUCCESS[39m (0 secs / 0.267 secs)
[1A[2KChrome Headless 142.0.0.0 (Windows 10): Executed 11 of 193[32m SUCCESS[39m (0 secs / 0.279 secs)
[1A[2KChrome Headless 142.0.0.0 (Windows 10): Executed 12 of 193[32m SUCCESS[39m (0 secs / 0.454 secs)
[1A[2KChrome Headless 142.0.0.0 (Windows 10): Executed 13 of 193[32m SUCCESS[39m (0 secs / 0.457 secs)
[1A[2KChrome Headless 142.0.0.0 (Windows 10): Executed 14 of 193[32m SUCCESS[39m (0 secs / 0.459 secs)
[1A[2K[31mChrome Headless 142.0.0.0 (Windows 10) SanitizationService containsDangerousContent should detect event handlers FAILED[39m
	Expected false to be true.
	    at <Jasmine>
	    at UserContext.<anonymous> (src/app/core/services/sanitization.service.spec.ts:75:75)
	    at _ZoneDelegate.invoke (node_modules/zone.js/fesm2015/zone.js:398:28)
	    at _ProxyZoneSpec.onInvoke (node_modules/zone.js/fesm2015/zone-testing.js:2132:39)
	    at _ZoneDelegate.invoke (node_modules/zone.js/fesm2015/zone.js:397:34)
Chrome Headless 142.0.0.0 (Windows 10): Executed 15 of 193[31m (1 FAILED)[39m (0 secs / 0.462 secs)
[1A[2KChrome Headless 142.0.0.0 (Windows 10): Executed 16 of 193[31m (1 FAILED)[39m (0 secs / 0.464 secs)
[1A[2KChrome Headless 142.0.0.0 (Windows 10): Executed 17 of 193[31m (1 FAILED)[39m (0 secs / 0.465 secs)
[1A[2KChrome Headless 142.0.0.0 (Windows 10): Executed 18 of 193[31m (1 FAILED)[39m (0 secs / 0.465 secs)
[1A[2KChrome Headless 142.0.0.0 (Windows 10): Executed 19 of 193[31m (1 FAILED)[39m (0 secs / 0.466 secs)
[1A[2KChrome Headless 142.0.0.0 (Windows 10): Executed 20 of 193[31m (1 FAILED)[39m (0 secs / 0.467 secs)
[1A[2KChrome Headless 142.0.0.0 (Windows 10): Executed 21 of 193[31m (1 FAILED)[39m (0 secs / 0.469 secs)
[1A[2KChrome Headless 142.0.0.0 (Windows 10): Executed 22 of 193[31m (1 FAILED)[39m (0 secs / 0.47 secs)
[1A[2KChrome Headless 142.0.0.0 (Windows 10): Executed 23 of 193[31m (1 FAILED)[39m (0 secs / 0.471 secs)
[1A[2KChrome Headless 142.0.0.0 (Windows 10): Executed 24 of 193[31m (1 FAILED)[39m (0 secs / 0.472 secs)
[1A[2KChrome Headless 142.0.0.0 (Windows 10): Executed 25 of 193[31m (1 FAILED)[39m (0 secs / 0.474 secs)
[1A[2KChrome Headless 142.0.0.0 (Windows 10): Executed 26 of 193[31m (1 FAILED)[39m (0 secs / 0.476 secs)
[1A[2KChrome Headless 142.0.0.0 (Windows 10): Executed 27 of 193[31m (1 FAILED)[39m (0 secs / 0.478 secs)
[1A[2KChrome Headless 142.0.0.0 (Windows 10): Executed 28 of 193[31m (1 FAILED)[39m (0 secs / 0.479 secs)
[1A[2KChrome Headless 142.0.0.0 (Windows 10): Executed 29 of 193[31m (1 FAILED)[39m (0 secs / 0.48 secs)
[1A[2KChrome Headless 142.0.0.0 (Windows 10): Executed 30 of 193[31m (1 FAILED)[39m (0 secs / 0.481 secs)
[1A[2KChrome Headless 142.0.0.0 (Windows 10): Executed 31 of 193[31m (1 FAILED)[39m (0 secs / 0.483 secs)
[1A[2KChrome Headless 142.0.0.0 (Windows 10): Executed 32 of 193[31m (1 FAILED)[39m (0 secs / 0.484 secs)
[1A[2KChrome Headless 142.0.0.0 (Windows 10): Executed 33 of 193[31m (1 FAILED)[39m (0 secs / 0.485 secs)
[1A[2KChrome Headless 142.0.0.0 (Windows 10): Executed 34 of 193[31m (1 FAILED)[39m (0 secs / 0.486 secs)
[1A[2KChrome Headless 142.0.0.0 (Windows 10): Executed 35 of 193[31m (1 FAILED)[39m (0 secs / 0.488 secs)
[1A[2KChrome Headless 142.0.0.0 (Windows 10): Executed 36 of 193[31m (1 FAILED)[39m (0 secs / 0.49 secs)
[1A[2KChrome Headless 142.0.0.0 (Windows 10): Executed 37 of 193[31m (1 FAILED)[39m (0 secs / 0.491 secs)
[1A[2KChrome Headless 142.0.0.0 (Windows 10): Executed 38 of 193[31m (1 FAILED)[39m (0 secs / 0.492 secs)
[1A[2KChrome Headless 142.0.0.0 (Windows 10): Executed 39 of 193[31m (1 FAILED)[39m (0 secs / 0.494 secs)
[1A[2KChrome Headless 142.0.0.0 (Windows 10): Executed 40 of 193[31m (1 FAILED)[39m (0 secs / 0.495 secs)
[1A[2KChrome Headless 142.0.0.0 (Windows 10): Executed 41 of 193[31m (1 FAILED)[39m (0 secs / 0.496 secs)
[1A[2KChrome Headless 142.0.0.0 (Windows 10): Executed 42 of 193[31m (1 FAILED)[39m (0 secs / 0.498 secs)
[1A[2KChrome Headless 142.0.0.0 (Windows 10): Executed 43 of 193[31m (1 FAILED)[39m (0 secs / 0.499 secs)
[1A[2KChrome Headless 142.0.0.0 (Windows 10): Executed 44 of 193[31m (1 FAILED)[39m (0 secs / 0.499 secs)
[1A[2KChrome Headless 142.0.0.0 (Windows 10): Executed 45 of 193[31m (1 FAILED)[39m (0 secs / 0.5 secs)
[1A[2KChrome Headless 142.0.0.0 (Windows 10): Executed 46 of 193[31m (1 FAILED)[39m (0 secs / 0.502 secs)
[1A[2KChrome Headless 142.0.0.0 (Windows 10): Executed 47 of 193[31m (1 FAILED)[39m (0 secs / 0.504 secs)
[1A[2KChrome Headless 142.0.0.0 (Windows 10): Executed 48 of 193[31m (1 FAILED)[39m (0 secs / 0.505 secs)
[1A[2KChrome Headless 142.0.0.0 (Windows 10): Executed 49 of 193[31m (1 FAILED)[39m (0 secs / 0.506 secs)
[1A[2KChrome Headless 142.0.0.0 (Windows 10): Executed 50 of 193[31m (1 FAILED)[39m (0 secs / 0.565 secs)
[1A[2KChrome Headless 142.0.0.0 (Windows 10): Executed 51 of 193[31m (1 FAILED)[39m (0 secs / 0.691 secs)
[1A[2KChrome Headless 142.0.0.0 (Windows 10): Executed 52 of 193[31m (1 FAILED)[39m (0 secs / 0.706 secs)
[1A[2KChrome Headless 142.0.0.0 (Windows 10): Executed 53 of 193[31m (1 FAILED)[39m (0 secs / 0.719 secs)
[1A[2KChrome Headless 142.0.0.0 (Windows 10): Executed 54 of 193[31m (1 FAILED)[39m (0 secs / 0.736 secs)
[1A[2KChrome Headless 142.0.0.0 (Windows 10): Executed 55 of 193[31m (1 FAILED)[39m (0 secs / 0.754 secs)
[1A[2KChrome Headless 142.0.0.0 (Windows 10): Executed 56 of 193[31m (1 FAILED)[39m (0 secs / 0.767 secs)
[1A[2KChrome Headless 142.0.0.0 (Windows 10): Executed 57 of 193[31m (1 FAILED)[39m (0 secs / 0.782 secs)
[1A[2KChrome Headless 142.0.0.0 (Windows 10): Executed 58 of 193[31m (1 FAILED)[39m (0 secs / 0.799 secs)
[1A[2KChrome Headless 142.0.0.0 (Windows 10): Executed 59 of 193[31m (1 FAILED)[39m (0 secs / 0.81 secs)
[1A[2KChrome Headless 142.0.0.0 (Windows 10): Executed 60 of 193[31m (1 FAILED)[39m (0 secs / 0.823 secs)
[1A[2KChrome Headless 142.0.0.0 (Windows 10): Executed 61 of 193[31m (1 FAILED)[39m (0 secs / 0.826 secs)
[1A[2KChrome Headless 142.0.0.0 (Windows 10): Executed 62 of 193[31m (1 FAILED)[39m (0 secs / 0.827 secs)
[1A[2KChrome Headless 142.0.0.0 (Windows 10): Executed 63 of 193[31m (1 FAILED)[39m (0 secs / 0.828 secs)
[1A[2KChrome Headless 142.0.0.0 (Windows 10): Executed 64 of 193[31m (1 FAILED)[39m (0 secs / 0.83 secs)
[1A[2KChrome Headless 142.0.0.0 (Windows 10): Executed 65 of 193[31m (1 FAILED)[39m (0 secs / 0.831 secs)
[1A[2KChrome Headless 142.0.0.0 (Windows 10): Executed 66 of 193[31m (1 FAILED)[39m (0 secs / 0.833 secs)
[1A[2KChrome Headless 142.0.0.0 (Windows 10): Executed 67 of 193[31m (1 FAILED)[39m (0 secs / 0.835 secs)
[1A[2KChrome Headless 142.0.0.0 (Windows 10): Executed 68 of 193[31m (1 FAILED)[39m (0 secs / 0.837 secs)
[1A[2KChrome Headless 142.0.0.0 (Windows 10): Executed 69 of 193[31m (1 FAILED)[39m (0 secs / 0.838 secs)
[1A[2KChrome Headless 142.0.0.0 (Windows 10): Executed 70 of 193[31m (1 FAILED)[39m (0 secs / 0.839 secs)
[1A[2KChrome Headless 142.0.0.0 (Windows 10): Executed 71 of 193[31m (1 FAILED)[39m (0 secs / 0.84 secs)
[1A[2KChrome Headless 142.0.0.0 (Windows 10): Executed 72 of 193[31m (1 FAILED)[39m (0 secs / 0.842 secs)
[1A[2KChrome Headless 142.0.0.0 (Windows 10): Executed 73 of 193[31m (1 FAILED)[39m (0 secs / 0.845 secs)
[1A[2KChrome Headless 142.0.0.0 (Windows 10): Executed 74 of 193[31m (1 FAILED)[39m (0 secs / 0.847 secs)
[1A[2KChrome Headless 142.0.0.0 (Windows 10): Executed 75 of 193[31m (1 FAILED)[39m (0 secs / 0.849 secs)
[1A[2KChrome Headless 142.0.0.0 (Windows 10): Executed 76 of 193[31m (1 FAILED)[39m (0 secs / 0.902 secs)
[1A[2KChrome Headless 142.0.0.0 (Windows 10): Executed 77 of 193[31m (1 FAILED)[39m (0 secs / 0.93 secs)
[1A[2KChrome Headless 142.0.0.0 (Windows 10): Executed 78 of 193[31m (1 FAILED)[39m (0 secs / 0.948 secs)
[1A[2KChrome Headless 142.0.0.0 (Windows 10): Executed 79 of 193[31m (1 FAILED)[39m (0 secs / 0.954 secs)
[1A[2KERROR: [36mError: Acquiring an exclusive Navigator LockManager lock "lock:sb-bfudcugrarerqvvyfpoz-auth-token" immediately failed
Error: Acquiring an exclusive Navigator LockManager lock "lock:sb-bfudcugrarerqvvyfpoz-auth-token" immediately failed
    at http://localhost:9876/base/node_modules/@supabase/auth-js/dist/module/lib/locks.js:102:23
    at Generator.next (<anonymous>)
    at http://localhost:9876/base/chunk-S35DAJRX.js:80:61
    at new ZoneAwarePromise (http://localhost:9876/base/node_modules/zone.js/fesm2015/zone.js:2701:25)
    at __async (http://localhost:9876/base/chunk-S35DAJRX.js:64:10)
    at http://localhost:9876/base/node_modules/@supabase/auth-js/dist/module/lib/locks.js:83:28[39m
Chrome Headless 142.0.0.0 (Windows 10): Executed 79 of 193[31m (1 FAILED)[39m (0 secs / 0.954 secs)
ERROR: Error: Acquiring an exclusive Navigator LockManager lock "lock:sb-bfudcugrarerqvvyfpoz-auth-token" immediately failed
Error: Acquiring an exclusive Navigator LockManager lock "lock:sb-bfudcugrarerqvvyfpoz-auth-token" immediately failed
    at http://localhost:9876/base/node_modules/@supabase/auth-js/dist/module/lib/locks.js:102:23
    at Generator.next (<anonymous>)
    at http://localhost:9876/base/chunk-S35DAJRX.js:80:61
    at new ZoneAwarePromise (http://localhost:9876/base/node_modules/zone.js/fesm2015/zone.js:2701:25)
    at __async (http://localhost:9876/base/chunk-S35DAJRX.js:64:10)
    at http://localhost:9876/base/node_modules/@supabase/auth-js/dist/module/lib/locks.js:83:28
[1A[2KChrome Headless 142.0.0.0 (Windows 10): Executed 80 of 193[31m (1 FAILED)[39m (0 secs / 0.961 secs)
[1A[2KChrome Headless 142.0.0.0 (Windows 10): Executed 81 of 193[31m (1 FAILED)[39m (0 secs / 0.969 secs)
[1A[2KChrome Headless 142.0.0.0 (Windows 10): Executed 82 of 193[31m (1 FAILED)[39m (0 secs / 0.974 secs)
[1A[2KChrome Headless 142.0.0.0 (Windows 10): Executed 83 of 193[31m (1 FAILED)[39m (0 secs / 0.978 secs)
[1A[2KChrome Headless 142.0.0.0 (Windows 10): Executed 84 of 193[31m (1 FAILED)[39m (0 secs / 0.983 secs)
[1A[2KChrome Headless 142.0.0.0 (Windows 10): Executed 85 of 193[31m (1 FAILED)[39m (0 secs / 0.987 secs)
[1A[2KChrome Headless 142.0.0.0 (Windows 10): Executed 86 of 193[31m (1 FAILED)[39m (0 secs / 0.992 secs)
[1A[2KChrome Headless 142.0.0.0 (Windows 10): Executed 87 of 193[31m (1 FAILED)[39m (0 secs / 0.998 secs)
[1A[2KChrome Headless 142.0.0.0 (Windows 10): Executed 88 of 193[31m (1 FAILED)[39m (0 secs / 1.002 secs)
[1A[2KChrome Headless 142.0.0.0 (Windows 10): Executed 89 of 193[31m (1 FAILED)[39m (0 secs / 1.005 secs)
[1A[2KChrome Headless 142.0.0.0 (Windows 10): Executed 90 of 193[31m (1 FAILED)[39m (0 secs / 1.008 secs)
[1A[2KChrome Headless 142.0.0.0 (Windows 10): Executed 91 of 193[31m (1 FAILED)[39m (0 secs / 1.011 secs)
[1A[2KChrome Headless 142.0.0.0 (Windows 10): Executed 92 of 193[31m (1 FAILED)[39m (0 secs / 1.013 secs)
[1A[2KChrome Headless 142.0.0.0 (Windows 10): Executed 93 of 193[31m (1 FAILED)[39m (0 secs / 1.015 secs)
[1A[2KChrome Headless 142.0.0.0 (Windows 10): Executed 94 of 193[31m (1 FAILED)[39m (0 secs / 1.017 secs)
[1A[2KChrome Headless 142.0.0.0 (Windows 10): Executed 95 of 193[31m (1 FAILED)[39m (0 secs / 1.121 secs)
[1A[2KChrome Headless 142.0.0.0 (Windows 10): Executed 96 of 193[31m (1 FAILED)[39m (0 secs / 1.124 secs)
[1A[2KChrome Headless 142.0.0.0 (Windows 10): Executed 97 of 193[31m (1 FAILED)[39m (0 secs / 1.126 secs)
[1A[2KChrome Headless 142.0.0.0 (Windows 10): Executed 98 of 193[31m (1 FAILED)[39m (0 secs / 1.128 secs)
[1A[2KChrome Headless 142.0.0.0 (Windows 10): Executed 99 of 193[31m (1 FAILED)[39m (0 secs / 1.131 secs)
[1A[2KChrome Headless 142.0.0.0 (Windows 10): Executed 100 of 193[31m (1 FAILED)[39m (0 secs / 1.134 secs)
[1A[2KChrome Headless 142.0.0.0 (Windows 10): Executed 101 of 193[31m (1 FAILED)[39m (0 secs / 1.137 secs)
[1A[2KChrome Headless 142.0.0.0 (Windows 10): Executed 102 of 193[31m (1 FAILED)[39m (0 secs / 1.157 secs)
[1A[2KChrome Headless 142.0.0.0 (Windows 10): Executed 103 of 193[31m (1 FAILED)[39m (0 secs / 1.177 secs)
[1A[2KChrome Headless 142.0.0.0 (Windows 10): Executed 104 of 193[31m (1 FAILED)[39m (0 secs / 1.194 secs)
[1A[2KChrome Headless 142.0.0.0 (Windows 10): Executed 105 of 193[31m (1 FAILED)[39m (0 secs / 1.218 secs)
[1A[2KChrome Headless 142.0.0.0 (Windows 10): Executed 106 of 193[31m (1 FAILED)[39m (0 secs / 1.236 secs)
[1A[2KChrome Headless 142.0.0.0 (Windows 10): Executed 107 of 193[31m (1 FAILED)[39m (0 secs / 1.254 secs)
[1A[2KChrome Headless 142.0.0.0 (Windows 10): Executed 108 of 193[31m (1 FAILED)[39m (0 secs / 1.271 secs)
[1A[2KChrome Headless 142.0.0.0 (Windows 10): Executed 109 of 193[31m (1 FAILED)[39m (0 secs / 1.284 secs)
[1A[2KChrome Headless 142.0.0.0 (Windows 10): Executed 110 of 193[31m (1 FAILED)[39m (0 secs / 1.563 secs)
[1A[2KChrome Headless 142.0.0.0 (Windows 10): Executed 111 of 193[31m (1 FAILED)[39m (0 secs / 1.841 secs)
[1A[2KChrome Headless 142.0.0.0 (Windows 10): Executed 112 of 193[31m (1 FAILED)[39m (0 secs / 2.967 secs)
[1A[2KChrome Headless 142.0.0.0 (Windows 10): Executed 113 of 193[31m (1 FAILED)[39m (0 secs / 2.981 secs)
[1A[2KChrome Headless 142.0.0.0 (Windows 10): Executed 114 of 193[31m (1 FAILED)[39m (0 secs / 2.996 secs)
[1A[2KChrome Headless 142.0.0.0 (Windows 10): Executed 115 of 193[31m (1 FAILED)[39m (0 secs / 3.011 secs)
[1A[2KChrome Headless 142.0.0.0 (Windows 10): Executed 116 of 193[31m (1 FAILED)[39m (0 secs / 3.025 secs)
[1A[2KChrome Headless 142.0.0.0 (Windows 10): Executed 117 of 193[31m (1 FAILED)[39m (0 secs / 3.04 secs)
[1A[2KChrome Headless 142.0.0.0 (Windows 10): Executed 118 of 193[31m (1 FAILED)[39m (0 secs / 3.057 secs)
[1A[2KChrome Headless 142.0.0.0 (Windows 10): Executed 119 of 193[31m (1 FAILED)[39m (0 secs / 3.078 secs)
[1A[2KChrome Headless 142.0.0.0 (Windows 10): Executed 120 of 193[31m (1 FAILED)[39m (0 secs / 3.095 secs)
[1A[2KChrome Headless 142.0.0.0 (Windows 10): Executed 121 of 193[31m (1 FAILED)[39m (0 secs / 3.11 secs)
[1A[2KChrome Headless 142.0.0.0 (Windows 10): Executed 122 of 193[31m (1 FAILED)[39m (0 secs / 3.127 secs)
[1A[2KChrome Headless 142.0.0.0 (Windows 10): Executed 123 of 193[31m (1 FAILED)[39m (0 secs / 3.14 secs)
[1A[2KChrome Headless 142.0.0.0 (Windows 10): Executed 124 of 193[31m (1 FAILED)[39m (0 secs / 3.153 secs)
[1A[2KChrome Headless 142.0.0.0 (Windows 10): Executed 125 of 193[31m (1 FAILED)[39m (0 secs / 3.259 secs)
[1A[2KChrome Headless 142.0.0.0 (Windows 10): Executed 126 of 193[31m (1 FAILED)[39m (0 secs / 3.28 secs)
[1A[2KChrome Headless 142.0.0.0 (Windows 10): Executed 127 of 193[31m (1 FAILED)[39m (0 secs / 3.292 secs)
[1A[2KChrome Headless 142.0.0.0 (Windows 10): Executed 128 of 193[31m (1 FAILED)[39m (0 secs / 3.319 secs)
[1A[2KChrome Headless 142.0.0.0 (Windows 10): Executed 129 of 193[31m (1 FAILED)[39m (0 secs / 3.332 secs)
[1A[2KChrome Headless 142.0.0.0 (Windows 10): Executed 130 of 193[31m (1 FAILED)[39m (0 secs / 3.353 secs)
[1A[2KChrome Headless 142.0.0.0 (Windows 10): Executed 131 of 193[31m (1 FAILED)[39m (0 secs / 3.368 secs)
[1A[2KChrome Headless 142.0.0.0 (Windows 10): Executed 132 of 193[31m (1 FAILED)[39m (0 secs / 3.387 secs)
[1A[2KChrome Headless 142.0.0.0 (Windows 10): Executed 133 of 193[31m (1 FAILED)[39m (0 secs / 3.401 secs)
[1A[2KChrome Headless 142.0.0.0 (Windows 10): Executed 134 of 193[31m (1 FAILED)[39m (0 secs / 3.417 secs)
[1A[2KChrome Headless 142.0.0.0 (Windows 10): Executed 135 of 193[31m (1 FAILED)[39m (0 secs / 3.431 secs)
[1A[2KChrome Headless 142.0.0.0 (Windows 10): Executed 136 of 193[31m (1 FAILED)[39m (0 secs / 3.443 secs)
[1A[2KChrome Headless 142.0.0.0 (Windows 10): Executed 137 of 193[31m (1 FAILED)[39m (0 secs / 3.46 secs)
[1A[2KChrome Headless 142.0.0.0 (Windows 10): Executed 138 of 193[31m (1 FAILED)[39m (0 secs / 3.476 secs)
[1A[2KChrome Headless 142.0.0.0 (Windows 10): Executed 139 of 193[31m (1 FAILED)[39m (0 secs / 3.489 secs)
[1A[2KChrome Headless 142.0.0.0 (Windows 10): Executed 140 of 193[31m (1 FAILED)[39m (0 secs / 3.504 secs)
[1A[2KChrome Headless 142.0.0.0 (Windows 10): Executed 141 of 193[31m (1 FAILED)[39m (0 secs / 3.516 secs)
[1A[2KChrome Headless 142.0.0.0 (Windows 10): Executed 142 of 193[31m (1 FAILED)[39m (0 secs / 3.529 secs)
[1A[2KChrome Headless 142.0.0.0 (Windows 10): Executed 143 of 193[31m (1 FAILED)[39m (0 secs / 3.539 secs)
[1A[2KChrome Headless 142.0.0.0 (Windows 10): Executed 144 of 193[31m (1 FAILED)[39m (0 secs / 3.55 secs)
[1A[2KChrome Headless 142.0.0.0 (Windows 10): Executed 145 of 193[31m (1 FAILED)[39m (0 secs / 3.551 secs)
[1A[2KChrome Headless 142.0.0.0 (Windows 10): Executed 146 of 193[31m (1 FAILED)[39m (0 secs / 3.552 secs)
[1A[2KChrome Headless 142.0.0.0 (Windows 10): Executed 147 of 193[31m (1 FAILED)[39m (0 secs / 3.553 secs)
[1A[2KChrome Headless 142.0.0.0 (Windows 10): Executed 148 of 193[31m (1 FAILED)[39m (0 secs / 3.554 secs)
[1A[2KChrome Headless 142.0.0.0 (Windows 10): Executed 149 of 193[31m (1 FAILED)[39m (0 secs / 3.555 secs)
[1A[2KChrome Headless 142.0.0.0 (Windows 10): Executed 150 of 193[31m (1 FAILED)[39m (0 secs / 3.556 secs)
[1A[2KChrome Headless 142.0.0.0 (Windows 10): Executed 151 of 193[31m (1 FAILED)[39m (0 secs / 3.557 secs)
[1A[2KChrome Headless 142.0.0.0 (Windows 10): Executed 152 of 193[31m (1 FAILED)[39m (0 secs / 3.557 secs)
[1A[2KChrome Headless 142.0.0.0 (Windows 10): Executed 153 of 193[31m (1 FAILED)[39m (0 secs / 3.558 secs)
[1A[2KChrome Headless 142.0.0.0 (Windows 10): Executed 154 of 193[31m (1 FAILED)[39m (0 secs / 3.559 secs)
[1A[2KChrome Headless 142.0.0.0 (Windows 10): Executed 155 of 193[31m (1 FAILED)[39m (0 secs / 3.56 secs)
[1A[2KChrome Headless 142.0.0.0 (Windows 10): Executed 156 of 193[31m (1 FAILED)[39m (0 secs / 3.561 secs)
[1A[2KChrome Headless 142.0.0.0 (Windows 10): Executed 157 of 193[31m (1 FAILED)[39m (0 secs / 3.562 secs)
[1A[2KChrome Headless 142.0.0.0 (Windows 10): Executed 158 of 193[31m (1 FAILED)[39m (0 secs / 3.569 secs)
[1A[2KChrome Headless 142.0.0.0 (Windows 10): Executed 159 of 193[31m (1 FAILED)[39m (0 secs / 3.57 secs)
[1A[2KChrome Headless 142.0.0.0 (Windows 10): Executed 160 of 193[31m (1 FAILED)[39m (0 secs / 3.572 secs)
[1A[2KChrome Headless 142.0.0.0 (Windows 10): Executed 161 of 193[31m (1 FAILED)[39m (0 secs / 3.573 secs)
[1A[2KChrome Headless 142.0.0.0 (Windows 10): Executed 162 of 193[31m (1 FAILED)[39m (0 secs / 3.575 secs)
[1A[2KChrome Headless 142.0.0.0 (Windows 10): Executed 163 of 193[31m (1 FAILED)[39m (0 secs / 3.577 secs)
[1A[2KChrome Headless 142.0.0.0 (Windows 10): Executed 164 of 193[31m (1 FAILED)[39m (0 secs / 3.579 secs)
[1A[2KChrome Headless 142.0.0.0 (Windows 10): Executed 165 of 193[31m (1 FAILED)[39m (0 secs / 3.58 secs)
[1A[2K[31mChrome Headless 142.0.0.0 (Windows 10) KeyboardShortcutsService should trigger shortcut callback on matching key event FAILED[39m
	Uncaught TypeError: Cannot read properties of undefined (reading 'toLowerCase') thrown
	Expected spy callback to have been called.
	    at <Jasmine>
	    at src/app/core/services/keyboard-shortcuts.service.spec.ts:90:24
	    at timer (node_modules/zone.js/fesm2015/zone.js:1809:37)
	    at _ZoneDelegate.invokeTask (node_modules/zone.js/fesm2015/zone.js:431:33)
	    at _ProxyZoneSpec.onInvokeTask (node_modules/zone.js/fesm2015/zone-testing.js:2163:39)
Chrome Headless 142.0.0.0 (Windows 10): Executed 166 of 193[31m (2 FAILED)[39m (0 secs / 3.684 secs)
[1A[2KChrome Headless 142.0.0.0 (Windows 10): Executed 167 of 193[31m (2 FAILED)[39m (0 secs / 3.685 secs)
[1A[2KChrome Headless 142.0.0.0 (Windows 10): Executed 168 of 193[31m (2 FAILED)[39m (0 secs / 3.686 secs)
[1A[2KChrome Headless 142.0.0.0 (Windows 10): Executed 169 of 193[31m (2 FAILED)[39m (0 secs / 3.687 secs)
[1A[2KChrome Headless 142.0.0.0 (Windows 10): Executed 170 of 193[31m (2 FAILED)[39m (0 secs / 3.687 secs)
[1A[2K[31mChrome Headless 142.0.0.0 (Windows 10) KeyboardShortcutsService should dispatch custom event for show help shortcut FAILED[39m
	Uncaught TypeError: Cannot read properties of undefined (reading 'toLowerCase') thrown
	Expected spy listener to have been called.
	    at <Jasmine>
	    at src/app/core/services/keyboard-shortcuts.service.spec.ts:256:24
	    at timer (node_modules/zone.js/fesm2015/zone.js:1809:37)
	    at _ZoneDelegate.invokeTask (node_modules/zone.js/fesm2015/zone.js:431:33)
	    at _ProxyZoneSpec.onInvokeTask (node_modules/zone.js/fesm2015/zone-testing.js:2163:39)
Chrome Headless 142.0.0.0 (Windows 10): Executed 171 of 193[31m (3 FAILED)[39m (0 secs / 3.792 secs)
[1A[2K[31mChrome Headless 142.0.0.0 (Windows 10) KeyboardShortcutsService should dispatch custom event for escape key FAILED[39m
	Uncaught TypeError: Cannot read properties of undefined (reading 'toLowerCase') thrown
	Expected spy listener to have been called.
	    at <Jasmine>
	    at src/app/core/services/keyboard-shortcuts.service.spec.ts:237:24
	    at timer (node_modules/zone.js/fesm2015/zone.js:1809:37)
	    at _ZoneDelegate.invokeTask (node_modules/zone.js/fesm2015/zone.js:431:33)
	    at _ProxyZoneSpec.onInvokeTask (node_modules/zone.js/fesm2015/zone-testing.js:2163:39)
Chrome Headless 142.0.0.0 (Windows 10): Executed 172 of 193[31m (4 FAILED)[39m (0 secs / 3.895 secs)
[1A[2KChrome Headless 142.0.0.0 (Windows 10): Executed 173 of 193[31m (4 FAILED)[39m (0 secs / 3.897 secs)
[1A[2K[31mChrome Headless 142.0.0.0 (Windows 10) KeyboardShortcutsService should handle context-aware shortcuts FAILED[39m
	Uncaught TypeError: Cannot read properties of undefined (reading 'toLowerCase') thrown
	Uncaught TypeError: Cannot read properties of undefined (reading 'toLowerCase') thrown
	Expected spy callback to have been called.
	    at <Jasmine>
	    at src/app/core/services/keyboard-shortcuts.service.spec.ts:197:26
	    at timer (node_modules/zone.js/fesm2015/zone.js:1809:37)
	    at _ZoneDelegate.invokeTask (node_modules/zone.js/fesm2015/zone.js:431:33)
	    at _ProxyZoneSpec.onInvokeTask (node_modules/zone.js/fesm2015/zone-testing.js:2163:39)
Chrome Headless 142.0.0.0 (Windows 10): Executed 174 of 193[31m (5 FAILED)[39m (0 secs / 4.108 secs)
[1A[2K[31mChrome Headless 142.0.0.0 (Windows 10) KeyboardShortcutsService should enable and disable shortcuts FAILED[39m
	Uncaught TypeError: Cannot read properties of undefined (reading 'toLowerCase') thrown
	Expected spy callback to have been called.
	    at <Jasmine>
	    at src/app/core/services/keyboard-shortcuts.service.spec.ts:157:26
	    at timer (node_modules/zone.js/fesm2015/zone.js:1809:37)
	    at _ZoneDelegate.invokeTask (node_modules/zone.js/fesm2015/zone.js:431:33)
	    at _ProxyZoneSpec.onInvokeTask (node_modules/zone.js/fesm2015/zone-testing.js:2163:39)
Chrome Headless 142.0.0.0 (Windows 10): Executed 175 of 193[31m (6 FAILED)[39m (0 secs / 4.322 secs)
[1A[2K[31mChrome Headless 142.0.0.0 (Windows 10) KeyboardShortcutsService should not trigger shortcut when modifiers do not match FAILED[39m
	Uncaught TypeError: Cannot read properties of undefined (reading 'toLowerCase') thrown
Chrome Headless 142.0.0.0 (Windows 10): Executed 176 of 193[31m (7 FAILED)[39m (0 secs / 4.425 secs)
[1A[2KChrome Headless 142.0.0.0 (Windows 10): Executed 177 of 193[31m (7 FAILED)[39m (0 secs / 4.427 secs)
[1A[2KChrome Headless 142.0.0.0 (Windows 10): Executed 178 of 193[31m (7 FAILED)[39m (0 secs / 4.428 secs)
[1A[2KChrome Headless 142.0.0.0 (Windows 10): Executed 179 of 193[31m (7 FAILED)[39m (0 secs / 4.429 secs)
[1A[2KChrome Headless 142.0.0.0 (Windows 10): Executed 180 of 193[31m (7 FAILED)[39m (0 secs / 4.43 secs)
[1A[2KChrome Headless 142.0.0.0 (Windows 10): Executed 181 of 193[31m (7 FAILED)[39m (0 secs / 4.431 secs)
[1A[2KChrome Headless 142.0.0.0 (Windows 10): Executed 182 of 193[31m (7 FAILED)[39m (0 secs / 4.433 secs)
[1A[2KChrome Headless 142.0.0.0 (Windows 10): Executed 183 of 193[31m (7 FAILED)[39m (0 secs / 4.434 secs)
[1A[2KChrome Headless 142.0.0.0 (Windows 10): Executed 184 of 193[31m (7 FAILED)[39m (0 secs / 4.435 secs)
[1A[2KChrome Headless 142.0.0.0 (Windows 10): Executed 185 of 193[31m (7 FAILED)[39m (0 secs / 4.436 secs)
[1A[2KChrome Headless 142.0.0.0 (Windows 10): Executed 186 of 193[31m (7 FAILED)[39m (0 secs / 4.521 secs)
[1A[2KChrome Headless 142.0.0.0 (Windows 10): Executed 187 of 193[31m (7 FAILED)[39m (0 secs / 4.523 secs)
[1A[2KChrome Headless 142.0.0.0 (Windows 10): Executed 188 of 193[31m (7 FAILED)[39m (0 secs / 4.524 secs)
[1A[2KChrome Headless 142.0.0.0 (Windows 10): Executed 189 of 193[31m (7 FAILED)[39m (0 secs / 4.525 secs)
[1A[2KChrome Headless 142.0.0.0 (Windows 10): Executed 190 of 193[31m (7 FAILED)[39m (0 secs / 4.526 secs)
[1A[2KERROR: [36m'2025-11-18T15:54:00.944Z ERROR [ExpenseService]', 'ExpenseService error', Error: File content does not match file type. Possible security risk detected.
Error: File content does not match file type. Possible security risk detected.
    at ExpenseService2.<anonymous> (http://localhost:9876/base/src/app/core/services/expense.service.ts:319:17)
    at Generator.next (<anonymous>)
    at fulfilled (http://localhost:9876/base/chunk-S35DAJRX.js:67:24)
    at _ZoneDelegate.invoke (http://localhost:9876/base/node_modules/zone.js/fesm2015/zone.js:398:28)
    at _ProxyZoneSpec.onInvoke (http://localhost:9876/base/node_modules/zone.js/fesm2015/zone-testing.js:2132:39)
    at _ZoneDelegate.invoke (http://localhost:9876/base/node_modules/zone.js/fesm2015/zone.js:397:34)
    at ZoneImpl.run (http://localhost:9876/base/node_modules/zone.js/fesm2015/zone.js:113:43)
    at http://localhost:9876/base/node_modules/zone.js/fesm2015/zone.js:2537:40
    at _ZoneDelegate.invokeTask (http://localhost:9876/base/node_modules/zone.js/fesm2015/zone.js:431:33)
    at _ProxyZoneSpec.onInvokeTask (http://localhost:9876/base/node_modules/zone.js/fesm2015/zone-testing.js:2163:39)[39m
Chrome Headless 142.0.0.0 (Windows 10): Executed 190 of 193[31m (7 FAILED)[39m (0 secs / 4.526 secs)
ERROR: '2025-11-18T15:54:00.944Z ERROR [ExpenseService]', 'ExpenseService error', Error: File content does not match file type. Possible security risk detected.
Error: File content does not match file type. Possible security risk detected.
    at ExpenseService2.<anonymous> (http://localhost:9876/base/src/app/core/services/expense.service.ts:319:17)
    at Generator.next (<anonymous>)
    at fulfilled (http://localhost:9876/base/chunk-S35DAJRX.js:67:24)
    at _ZoneDelegate.invoke (http://localhost:9876/base/node_modules/zone.js/fesm2015/zone.js:398:28)
    at _ProxyZoneSpec.onInvoke (http://localhost:9876/base/node_modules/zone.js/fesm2015/zone-testing.js:2132:39)
    at _ZoneDelegate.invoke (http://localhost:9876/base/node_modules/zone.js/fesm2015/zone.js:397:34)
    at ZoneImpl.run (http://localhost:9876/base/node_modules/zone.js/fesm2015/zone.js:113:43)
    at http://localhost:9876/base/node_modules/zone.js/fesm2015/zone.js:2537:40
    at _ZoneDelegate.invokeTask (http://localhost:9876/base/node_modules/zone.js/fesm2015/zone.js:431:33)
    at _ProxyZoneSpec.onInvokeTask (http://localhost:9876/base/node_modules/zone.js/fesm2015/zone-testing.js:2163:39)
[1A[2KERROR: [36m'Stack trace:', 'Error: File content does not match file type. Possible security risk detected.
    at ExpenseService2.<anonymous> (http://localhost:9876/base/src/app/core/services/expense.service.ts:319:17)
    at Generator.next (<anonymous>)
    at fulfilled (http://localhost:9876/base/chunk-S35DAJRX.js:67:24)
    at _ZoneDelegate.invoke (http://localhost:9876/base/node_modules/zone.js/fesm2015/zone.js:398:28)
    at _ProxyZoneSpec.onInvoke (http://localhost:9876/base/node_modules/zone.js/fesm2015/zone-testing.js:2132:39)
    at _ZoneDelegate.invoke (http://localhost:9876/base/node_modules/zone.js/fesm2015/zone.js:397:34)
    at ZoneImpl.run (http://localhost:9876/base/node_modules/zone.js/fesm2015/zone.js:113:43)
    at http://localhost:9876/base/node_modules/zone.js/fesm2015/zone.js:2537:40
    at _ZoneDelegate.invokeTask (http://localhost:9876/base/node_modules/zone.js/fesm2015/zone.js:431:33)
    at _ProxyZoneSpec.onInvokeTask (http://localhost:9876/base/node_modules/zone.js/fesm2015/zone-testing.js:2163:39)'[39m
Chrome Headless 142.0.0.0 (Windows 10): Executed 190 of 193[31m (7 FAILED)[39m (0 secs / 4.526 secs)
ERROR: 'Stack trace:', 'Error: File content does not match file type. Possible security risk detected.
    at ExpenseService2.<anonymous> (http://localhost:9876/base/src/app/core/services/expense.service.ts:319:17)
    at Generator.next (<anonymous>)
    at fulfilled (http://localhost:9876/base/chunk-S35DAJRX.js:67:24)
    at _ZoneDelegate.invoke (http://localhost:9876/base/node_modules/zone.js/fesm2015/zone.js:398:28)
    at _ProxyZoneSpec.onInvoke (http://localhost:9876/base/node_modules/zone.js/fesm2015/zone-testing.js:2132:39)
    at _ZoneDelegate.invoke (http://localhost:9876/base/node_modules/zone.js/fesm2015/zone.js:397:34)
    at ZoneImpl.run (http://localhost:9876/base/node_modules/zone.js/fesm2015/zone.js:113:43)
    at http://localhost:9876/base/node_modules/zone.js/fesm2015/zone.js:2537:40
    at _ZoneDelegate.invokeTask (http://localhost:9876/base/node_modules/zone.js/fesm2015/zone.js:431:33)
    at _ProxyZoneSpec.onInvokeTask (http://localhost:9876/base/node_modules/zone.js/fesm2015/zone-testing.js:2163:39)'
[1A[2K[31mChrome Headless 142.0.0.0 (Windows 10) ExpenseService uploadReceipt should upload receipt successfully FAILED[39m
	Failed: File content does not match file type. Possible security risk detected.
	    at src/app/core/services/expense.service.ts:572:29
	    at _Observable.init [as _subscribe] (node_modules/rxjs/dist/esm/internal/observable/throwError.js:5:51)
	    at _Observable._trySubscribe (node_modules/rxjs/dist/esm/internal/Observable.js:37:25)
	    at node_modules/rxjs/dist/esm/internal/Observable.js:31:30
	    at errorContext (node_modules/rxjs/dist/esm/internal/util/errorContext.js:19:9)
	    at _Observable.subscribe (node_modules/rxjs/dist/esm/internal/Observable.js:22:9)
	    at node_modules/rxjs/dist/esm/internal/operators/catchError.js:14:31
	    at OperatorSubscriber._error (node_modules/rxjs/dist/esm/internal/operators/OperatorSubscriber.js:23:21)
	    at OperatorSubscriber.error (node_modules/rxjs/dist/esm/internal/Subscriber.js:40:18)
	    at node_modules/rxjs/dist/esm/internal/observable/innerFrom.js:64:32
Chrome Headless 142.0.0.0 (Windows 10): Executed 191 of 193[31m (8 FAILED)[39m (0 secs / 4.89 secs)
[1A[2KERROR: [36m'2025-11-18T15:54:01.387Z ERROR [ExpenseService]', 'ExpenseService error', Error: File size exceeds 5MB limit
Error: File size exceeds 5MB limit
    at ExpenseService2.<anonymous> (http://localhost:9876/base/src/app/core/services/expense.service.ts:319:17)
    at Generator.next (<anonymous>)
    at fulfilled (http://localhost:9876/base/chunk-S35DAJRX.js:67:24)
    at _ZoneDelegate.invoke (http://localhost:9876/base/node_modules/zone.js/fesm2015/zone.js:398:28)
    at _ProxyZoneSpec.onInvoke (http://localhost:9876/base/node_modules/zone.js/fesm2015/zone-testing.js:2132:39)
    at _ZoneDelegate.invoke (http://localhost:9876/base/node_modules/zone.js/fesm2015/zone.js:397:34)
    at ZoneImpl.run (http://localhost:9876/base/node_modules/zone.js/fesm2015/zone.js:113:43)
    at http://localhost:9876/base/node_modules/zone.js/fesm2015/zone.js:2537:40
    at _ZoneDelegate.invokeTask (http://localhost:9876/base/node_modules/zone.js/fesm2015/zone.js:431:33)
    at _ProxyZoneSpec.onInvokeTask (http://localhost:9876/base/node_modules/zone.js/fesm2015/zone-testing.js:2163:39)[39m
Chrome Headless 142.0.0.0 (Windows 10): Executed 191 of 193[31m (8 FAILED)[39m (0 secs / 4.89 secs)
ERROR: '2025-11-18T15:54:01.387Z ERROR [ExpenseService]', 'ExpenseService error', Error: File size exceeds 5MB limit
Error: File size exceeds 5MB limit
    at ExpenseService2.<anonymous> (http://localhost:9876/base/src/app/core/services/expense.service.ts:319:17)
    at Generator.next (<anonymous>)
    at fulfilled (http://localhost:9876/base/chunk-S35DAJRX.js:67:24)
    at _ZoneDelegate.invoke (http://localhost:9876/base/node_modules/zone.js/fesm2015/zone.js:398:28)
    at _ProxyZoneSpec.onInvoke (http://localhost:9876/base/node_modules/zone.js/fesm2015/zone-testing.js:2132:39)
    at _ZoneDelegate.invoke (http://localhost:9876/base/node_modules/zone.js/fesm2015/zone.js:397:34)
    at ZoneImpl.run (http://localhost:9876/base/node_modules/zone.js/fesm2015/zone.js:113:43)
    at http://localhost:9876/base/node_modules/zone.js/fesm2015/zone.js:2537:40
    at _ZoneDelegate.invokeTask (http://localhost:9876/base/node_modules/zone.js/fesm2015/zone.js:431:33)
    at _ProxyZoneSpec.onInvokeTask (http://localhost:9876/base/node_modules/zone.js/fesm2015/zone-testing.js:2163:39)
[1A[2KERROR: [36m'Stack trace:', 'Error: File size exceeds 5MB limit
    at ExpenseService2.<anonymous> (http://localhost:9876/base/src/app/core/services/expense.service.ts:319:17)
    at Generator.next (<anonymous>)
    at fulfilled (http://localhost:9876/base/chunk-S35DAJRX.js:67:24)
    at _ZoneDelegate.invoke (http://localhost:9876/base/node_modules/zone.js/fesm2015/zone.js:398:28)
    at _ProxyZoneSpec.onInvoke (http://localhost:9876/base/node_modules/zone.js/fesm2015/zone-testing.js:2132:39)
    at _ZoneDelegate.invoke (http://localhost:9876/base/node_modules/zone.js/fesm2015/zone.js:397:34)
    at ZoneImpl.run (http://localhost:9876/base/node_modules/zone.js/fesm2015/zone.js:113:43)
    at http://localhost:9876/base/node_modules/zone.js/fesm2015/zone.js:2537:40
    at _ZoneDelegate.invokeTask (http://localhost:9876/base/node_modules/zone.js/fesm2015/zone.js:431:33)
    at _ProxyZoneSpec.onInvokeTask (http://localhost:9876/base/node_modules/zone.js/fesm2015/zone-testing.js:2163:39)'[39m
Chrome Headless 142.0.0.0 (Windows 10): Executed 191 of 193[31m (8 FAILED)[39m (0 secs / 4.89 secs)
ERROR: 'Stack trace:', 'Error: File size exceeds 5MB limit
    at ExpenseService2.<anonymous> (http://localhost:9876/base/src/app/core/services/expense.service.ts:319:17)
    at Generator.next (<anonymous>)
    at fulfilled (http://localhost:9876/base/chunk-S35DAJRX.js:67:24)
    at _ZoneDelegate.invoke (http://localhost:9876/base/node_modules/zone.js/fesm2015/zone.js:398:28)
    at _ProxyZoneSpec.onInvoke (http://localhost:9876/base/node_modules/zone.js/fesm2015/zone-testing.js:2132:39)
    at _ZoneDelegate.invoke (http://localhost:9876/base/node_modules/zone.js/fesm2015/zone.js:397:34)
    at ZoneImpl.run (http://localhost:9876/base/node_modules/zone.js/fesm2015/zone.js:113:43)
    at http://localhost:9876/base/node_modules/zone.js/fesm2015/zone.js:2537:40
    at _ZoneDelegate.invokeTask (http://localhost:9876/base/node_modules/zone.js/fesm2015/zone.js:431:33)
    at _ProxyZoneSpec.onInvokeTask (http://localhost:9876/base/node_modules/zone.js/fesm2015/zone-testing.js:2163:39)'
[1A[2KChrome Headless 142.0.0.0 (Windows 10): Executed 192 of 193[31m (8 FAILED)[39m (0 secs / 4.963 secs)
[1A[2KERROR: [36m'2025-11-18T15:54:01.395Z ERROR [ExpenseService]', 'ExpenseService error', Error: Invalid file type. Allowed types: image/jpeg, image/png, application/pdf
Error: Invalid file type. Allowed types: image/jpeg, image/png, application/pdf
    at ExpenseService2.<anonymous> (http://localhost:9876/base/src/app/core/services/expense.service.ts:319:17)
    at Generator.next (<anonymous>)
    at fulfilled (http://localhost:9876/base/chunk-S35DAJRX.js:67:24)
    at _ZoneDelegate.invoke (http://localhost:9876/base/node_modules/zone.js/fesm2015/zone.js:398:28)
    at _ProxyZoneSpec.onInvoke (http://localhost:9876/base/node_modules/zone.js/fesm2015/zone-testing.js:2132:39)
    at _ZoneDelegate.invoke (http://localhost:9876/base/node_modules/zone.js/fesm2015/zone.js:397:34)
    at ZoneImpl.run (http://localhost:9876/base/node_modules/zone.js/fesm2015/zone.js:113:43)
    at http://localhost:9876/base/node_modules/zone.js/fesm2015/zone.js:2537:40
    at _ZoneDelegate.invokeTask (http://localhost:9876/base/node_modules/zone.js/fesm2015/zone.js:431:33)
    at _ProxyZoneSpec.onInvokeTask (http://localhost:9876/base/node_modules/zone.js/fesm2015/zone-testing.js:2163:39)[39m
Chrome Headless 142.0.0.0 (Windows 10): Executed 192 of 193[31m (8 FAILED)[39m (0 secs / 4.963 secs)
ERROR: '2025-11-18T15:54:01.395Z ERROR [ExpenseService]', 'ExpenseService error', Error: Invalid file type. Allowed types: image/jpeg, image/png, application/pdf
Error: Invalid file type. Allowed types: image/jpeg, image/png, application/pdf
    at ExpenseService2.<anonymous> (http://localhost:9876/base/src/app/core/services/expense.service.ts:319:17)
    at Generator.next (<anonymous>)
    at fulfilled (http://localhost:9876/base/chunk-S35DAJRX.js:67:24)
    at _ZoneDelegate.invoke (http://localhost:9876/base/node_modules/zone.js/fesm2015/zone.js:398:28)
    at _ProxyZoneSpec.onInvoke (http://localhost:9876/base/node_modules/zone.js/fesm2015/zone-testing.js:2132:39)
    at _ZoneDelegate.invoke (http://localhost:9876/base/node_modules/zone.js/fesm2015/zone.js:397:34)
    at ZoneImpl.run (http://localhost:9876/base/node_modules/zone.js/fesm2015/zone.js:113:43)
    at http://localhost:9876/base/node_modules/zone.js/fesm2015/zone.js:2537:40
    at _ZoneDelegate.invokeTask (http://localhost:9876/base/node_modules/zone.js/fesm2015/zone.js:431:33)
    at _ProxyZoneSpec.onInvokeTask (http://localhost:9876/base/node_modules/zone.js/fesm2015/zone-testing.js:2163:39)
[1A[2KERROR: [36m'Stack trace:', 'Error: Invalid file type. Allowed types: image/jpeg, image/png, application/pdf
    at ExpenseService2.<anonymous> (http://localhost:9876/base/src/app/core/services/expense.service.ts:319:17)
    at Generator.next (<anonymous>)
    at fulfilled (http://localhost:9876/base/chunk-S35DAJRX.js:67:24)
    at _ZoneDelegate.invoke (http://localhost:9876/base/node_modules/zone.js/fesm2015/zone.js:398:28)
    at _ProxyZoneSpec.onInvoke (http://localhost:9876/base/node_modules/zone.js/fesm2015/zone-testing.js:2132:39)
    at _ZoneDelegate.invoke (http://localhost:9876/base/node_modules/zone.js/fesm2015/zone.js:397:34)
    at ZoneImpl.run (http://localhost:9876/base/node_modules/zone.js/fesm2015/zone.js:113:43)
    at http://localhost:9876/base/node_modules/zone.js/fesm2015/zone.js:2537:40
    at _ZoneDelegate.invokeTask (http://localhost:9876/base/node_modules/zone.js/fesm2015/zone.js:431:33)
    at _ProxyZoneSpec.onInvokeTask (http://localhost:9876/base/node_modules/zone.js/fesm2015/zone-testing.js:2163:39)'[39m
Chrome Headless 142.0.0.0 (Windows 10): Executed 192 of 193[31m (8 FAILED)[39m (0 secs / 4.963 secs)
ERROR: 'Stack trace:', 'Error: Invalid file type. Allowed types: image/jpeg, image/png, application/pdf
    at ExpenseService2.<anonymous> (http://localhost:9876/base/src/app/core/services/expense.service.ts:319:17)
    at Generator.next (<anonymous>)
    at fulfilled (http://localhost:9876/base/chunk-S35DAJRX.js:67:24)
    at _ZoneDelegate.invoke (http://localhost:9876/base/node_modules/zone.js/fesm2015/zone.js:398:28)
    at _ProxyZoneSpec.onInvoke (http://localhost:9876/base/node_modules/zone.js/fesm2015/zone-testing.js:2132:39)
    at _ZoneDelegate.invoke (http://localhost:9876/base/node_modules/zone.js/fesm2015/zone.js:397:34)
    at ZoneImpl.run (http://localhost:9876/base/node_modules/zone.js/fesm2015/zone.js:113:43)
    at http://localhost:9876/base/node_modules/zone.js/fesm2015/zone.js:2537:40
    at _ZoneDelegate.invokeTask (http://localhost:9876/base/node_modules/zone.js/fesm2015/zone.js:431:33)
    at _ProxyZoneSpec.onInvokeTask (http://localhost:9876/base/node_modules/zone.js/fesm2015/zone-testing.js:2163:39)'
[1A[2KChrome Headless 142.0.0.0 (Windows 10): Executed 193 of 193[31m (8 FAILED)[39m (0 secs / 4.967 secs)
[1A[2KChrome Headless 142.0.0.0 (Windows 10): Executed 193 of 193[31m (8 FAILED)[39m (5.272 secs / 4.967 secs)
[31mTOTAL: 8 FAILED, 185 SUCCESS[39m
