
> expense-app@0.0.0 test
> ng test --no-watch --browsers=ChromeHeadless

[33m‚ùØ[39m Building...
[32m‚úî[39m Building...
[1mInitial chunk files[22m                   [2m | [22m[1mNames[22m                              [2m | [22m [1mRaw size[22m
[32mchunk-XMU7Y57F.js[39m                     [2m | [22m[2m-[22m                                  [2m | [22m  [36m2.31 MB[39m[2m | [22m
[32mpolyfills.js[39m                          [2m | [22m[2mpolyfills[22m                          [2m | [22m  [36m1.04 MB[39m[2m | [22m
[32mchunk-V3FUQC3W.js[39m                     [2m | [22m[2m-[22m                                  [2m | [22m[36m672.32 kB[39m[2m | [22m
[32mchunk-LGLRWSNR.js[39m                     [2m | [22m[2m-[22m                                  [2m | [22m[36m466.48 kB[39m[2m | [22m
[32mspec-app.spec.js[39m                      [2m | [22m[2mspec-app.spec[22m                      [2m | [22m[36m374.14 kB[39m[2m | [22m
[32mchunk-OKBJFSUN.js[39m                     [2m | [22m[2m-[22m                                  [2m | [22m[36m250.03 kB[39m[2m | [22m
[32mchunk-XIIHPJYX.js[39m                     [2m | [22m[2m-[22m                                  [2m | [22m[36m240.98 kB[39m[2m | [22m
[32mchunk-2GU5TQID.js[39m                     [2m | [22m[2m-[22m                                  [2m | [22m[36m207.79 kB[39m[2m | [22m
[32mchunk-HJM4O6UM.js[39m                     [2m | [22m[2m-[22m                                  [2m | [22m[36m201.71 kB[39m[2m | [22m
[32mchunk-FM5XEE67.js[39m                     [2m | [22m[2m-[22m                                  [2m | [22m[36m198.56 kB[39m[2m | [22m
[32mspec-receipt-upload.spec.js[39m           [2m | [22m[2mspec-receipt-upload.spec[22m           [2m | [22m[36m101.40 kB[39m[2m | [22m
[32mjasmine-cleanup-1.js[39m                  [2m | [22m[2mjasmine-cleanup-1[22m                  [2m | [22m [36m67.20 kB[39m[2m | [22m
[32mspec-register.component.spec.js[39m       [2m | [22m[2mspec-register.component.spec[22m       [2m | [22m [36m25.59 kB[39m[2m | [22m
[32mtest_main.js[39m                          [2m | [22m[2mtest_main[22m                          [2m | [22m [36m21.83 kB[39m[2m | [22m
[32mstyles.css[39m                            [2m | [22m[2mstyles[22m                             [2m | [22m [36m18.78 kB[39m[2m | [22m
[32mspec-forgot-password.component.spec.js[39m[2m | [22m[2mspec-forgot-password.component.spec[22m[2m | [22m [36m17.72 kB[39m[2m | [22m
[32mspec-login.component.spec.js[39m          [2m | [22m[2mspec-login.component.spec[22m          [2m | [22m [36m17.19 kB[39m[2m | [22m
[32mspec-expense.service.spec.js[39m          [2m | [22m[2mspec-expense.service.spec[22m          [2m | [22m [36m13.61 kB[39m[2m | [22m
[32mchunk-4OJO6BX7.js[39m                     [2m | [22m[2m-[22m                                  [2m | [22m [36m10.94 kB[39m[2m | [22m
[32mchunk-S35DAJRX.js[39m                     [2m | [22m[2m-[22m                                  [2m | [22m  [36m3.56 kB[39m[2m | [22m
[32mjasmine-cleanup-0.js[39m                  [2m | [22m[2mjasmine-cleanup-0[22m                  [2m | [22m[36m519 bytes[39m[2m | [22m

[1m [22m                                     [2m | [22m[1mInitial total[22m                      [2m | [22m  [1m6.26 MB[22m

Application bundle generation complete. [2.905 seconds] - 2025-11-14T19:40:46.717Z

[32m14 11 2025 13:40:46.856:INFO [karma-server]: [39mKarma v6.4.4 server started at http://localhost:9876/
[32m14 11 2025 13:40:46.857:INFO [launcher]: [39mLaunching browsers ChromeHeadless with concurrency unlimited
[32m14 11 2025 13:40:46.861:INFO [launcher]: [39mStarting browser ChromeHeadless
[32m14 11 2025 13:40:48.058:INFO [Chrome Headless 142.0.0.0 (Windows 10)]: [39mConnected on socket rw2ZmhnMlTkzLMFqAAAB with id 40366926
Chrome Headless 142.0.0.0 (Windows 10): Executed 0 of 83[32m SUCCESS[39m (0 secs / 0 secs)
[1A[2KChrome Headless 142.0.0.0 (Windows 10): Executed 1 of 83[32m SUCCESS[39m (0 secs / 0.094 secs)
[1A[2K[31mChrome Headless 142.0.0.0 (Windows 10) ForgotPasswordComponent Loading State should set loading to true during submission FAILED[39m
	Expected false to be true.
	    at <Jasmine>
	    at src/app/features/auth/forgot-password/forgot-password.component.spec.ts:168:33
	    at Generator.next (<anonymous>)
	    at chunk-S35DAJRX.js:80:61
	    at new ZoneAwarePromise (node_modules/zone.js/fesm2015/zone.js:2701:25)
	Expected true to be false.
	    at <Jasmine>
	    at src/app/features/auth/forgot-password/forgot-password.component.spec.ts:171:33
	    at Generator.next (<anonymous>)
	    at fulfilled (chunk-S35DAJRX.js:67:24)
	    at _ZoneDelegate.invoke (node_modules/zone.js/fesm2015/zone.js:398:28)
Chrome Headless 142.0.0.0 (Windows 10): Executed 2 of 83[31m (1 FAILED)[39m (0 secs / 0.112 secs)
[1A[2KChrome Headless 142.0.0.0 (Windows 10): Executed 3 of 83[31m (1 FAILED)[39m (0 secs / 0.123 secs)
[1A[2KChrome Headless 142.0.0.0 (Windows 10): Executed 4 of 83[31m (1 FAILED)[39m (0 secs / 0.134 secs)
[1A[2KERROR: [36m'Password reset error:', Error: Network error
Error: Network error
    at http://localhost:9876/base/src/app/features/auth/forgot-password/forgot-password.component.spec.ts:90:26
    at _Observable.init [as _subscribe] (http://localhost:9876/base/node_modules/rxjs/dist/esm/internal/observable/throwError.js:5:51)
    at _Observable._trySubscribe (http://localhost:9876/base/node_modules/rxjs/dist/esm/internal/Observable.js:37:25)
    at http://localhost:9876/base/node_modules/rxjs/dist/esm/internal/Observable.js:31:30
    at errorContext (http://localhost:9876/base/node_modules/rxjs/dist/esm/internal/util/errorContext.js:19:9)
    at _Observable.subscribe (http://localhost:9876/base/node_modules/rxjs/dist/esm/internal/Observable.js:22:9)
    at ForgotPasswordComponent2.onSubmit (http://localhost:9876/base/src/app/features/auth/forgot-password/forgot-password.component.ts:76:43)
    at http://localhost:9876/base/src/app/features/auth/forgot-password/forgot-password.component.spec.ts:97:17
    at Generator.next (<anonymous>)
    at http://localhost:9876/base/chunk-S35DAJRX.js:80:61[39m
Chrome Headless 142.0.0.0 (Windows 10): Executed 4 of 83[31m (1 FAILED)[39m (0 secs / 0.134 secs)
ERROR: 'Password reset error:', Error: Network error
Error: Network error
    at http://localhost:9876/base/src/app/features/auth/forgot-password/forgot-password.component.spec.ts:90:26
    at _Observable.init [as _subscribe] (http://localhost:9876/base/node_modules/rxjs/dist/esm/internal/observable/throwError.js:5:51)
    at _Observable._trySubscribe (http://localhost:9876/base/node_modules/rxjs/dist/esm/internal/Observable.js:37:25)
    at http://localhost:9876/base/node_modules/rxjs/dist/esm/internal/Observable.js:31:30
    at errorContext (http://localhost:9876/base/node_modules/rxjs/dist/esm/internal/util/errorContext.js:19:9)
    at _Observable.subscribe (http://localhost:9876/base/node_modules/rxjs/dist/esm/internal/Observable.js:22:9)
    at ForgotPasswordComponent2.onSubmit (http://localhost:9876/base/src/app/features/auth/forgot-password/forgot-password.component.ts:76:43)
    at http://localhost:9876/base/src/app/features/auth/forgot-password/forgot-password.component.spec.ts:97:17
    at Generator.next (<anonymous>)
    at http://localhost:9876/base/chunk-S35DAJRX.js:80:61
[1A[2KChrome Headless 142.0.0.0 (Windows 10): Executed 5 of 83[31m (1 FAILED)[39m (0 secs / 0.426 secs)
[1A[2KChrome Headless 142.0.0.0 (Windows 10): Executed 6 of 83[31m (1 FAILED)[39m (0 secs / 0.434 secs)
[1A[2KChrome Headless 142.0.0.0 (Windows 10): Executed 7 of 83[31m (1 FAILED)[39m (0 secs / 0.443 secs)
[1A[2KChrome Headless 142.0.0.0 (Windows 10): Executed 8 of 83[31m (1 FAILED)[39m (0 secs / 0.451 secs)
[1A[2KChrome Headless 142.0.0.0 (Windows 10): Executed 9 of 83[31m (1 FAILED)[39m (0 secs / 0.464 secs)
[1A[2KChrome Headless 142.0.0.0 (Windows 10): Executed 10 of 83[31m (1 FAILED)[39m (0 secs / 0.472 secs)
[1A[2KERROR: [36m'Password reset error:', Error: Network error
Error: Network error
    at http://localhost:9876/base/src/app/features/auth/forgot-password/forgot-password.component.spec.ts:128:26
    at _Observable.init [as _subscribe] (http://localhost:9876/base/node_modules/rxjs/dist/esm/internal/observable/throwError.js:5:51)
    at _Observable._trySubscribe (http://localhost:9876/base/node_modules/rxjs/dist/esm/internal/Observable.js:37:25)
    at http://localhost:9876/base/node_modules/rxjs/dist/esm/internal/Observable.js:31:30
    at errorContext (http://localhost:9876/base/node_modules/rxjs/dist/esm/internal/util/errorContext.js:19:9)
    at _Observable.subscribe (http://localhost:9876/base/node_modules/rxjs/dist/esm/internal/Observable.js:22:9)
    at ForgotPasswordComponent2.onSubmit (http://localhost:9876/base/src/app/features/auth/forgot-password/forgot-password.component.ts:76:43)
    at http://localhost:9876/base/src/app/features/auth/forgot-password/forgot-password.component.spec.ts:135:17
    at Generator.next (<anonymous>)
    at http://localhost:9876/base/chunk-S35DAJRX.js:80:61[39m
Chrome Headless 142.0.0.0 (Windows 10): Executed 10 of 83[31m (1 FAILED)[39m (0 secs / 0.472 secs)
ERROR: 'Password reset error:', Error: Network error
Error: Network error
    at http://localhost:9876/base/src/app/features/auth/forgot-password/forgot-password.component.spec.ts:128:26
    at _Observable.init [as _subscribe] (http://localhost:9876/base/node_modules/rxjs/dist/esm/internal/observable/throwError.js:5:51)
    at _Observable._trySubscribe (http://localhost:9876/base/node_modules/rxjs/dist/esm/internal/Observable.js:37:25)
    at http://localhost:9876/base/node_modules/rxjs/dist/esm/internal/Observable.js:31:30
    at errorContext (http://localhost:9876/base/node_modules/rxjs/dist/esm/internal/util/errorContext.js:19:9)
    at _Observable.subscribe (http://localhost:9876/base/node_modules/rxjs/dist/esm/internal/Observable.js:22:9)
    at ForgotPasswordComponent2.onSubmit (http://localhost:9876/base/src/app/features/auth/forgot-password/forgot-password.component.ts:76:43)
    at http://localhost:9876/base/src/app/features/auth/forgot-password/forgot-password.component.spec.ts:135:17
    at Generator.next (<anonymous>)
    at http://localhost:9876/base/chunk-S35DAJRX.js:80:61
[1A[2KChrome Headless 142.0.0.0 (Windows 10): Executed 11 of 83[31m (1 FAILED)[39m (0 secs / 0.479 secs)
[1A[2KChrome Headless 142.0.0.0 (Windows 10): Executed 12 of 83[31m (1 FAILED)[39m (0 secs / 0.488 secs)
[1A[2KChrome Headless 142.0.0.0 (Windows 10): Executed 13 of 83[31m (1 FAILED)[39m (0 secs / 0.52 secs)
[1A[2KChrome Headless 142.0.0.0 (Windows 10): Executed 14 of 83[31m (1 FAILED)[39m (0 secs / 0.524 secs)
[1A[2KChrome Headless 142.0.0.0 (Windows 10): Executed 15 of 83[31m (1 FAILED)[39m (0 secs / 0.531 secs)
[1A[2KChrome Headless 142.0.0.0 (Windows 10): Executed 16 of 83[31m (1 FAILED)[39m (0 secs / 0.537 secs)
[1A[2KChrome Headless 142.0.0.0 (Windows 10): Executed 17 of 83[31m (1 FAILED)[39m (0 secs / 0.542 secs)
[1A[2K[31mChrome Headless 142.0.0.0 (Windows 10) ReceiptUpload Upload Receipt should handle upload error FAILED[39m
	Expected spy MatSnackBar.open to have been called with:
	  [ 'Upload failed', 'Close', <jasmine.any(Object)> ]
	but it was never called.
	    at <Jasmine>
	    at src/app/features/expenses/receipt-upload/receipt-upload.spec.ts:220:34
	    at timer (node_modules/zone.js/fesm2015/zone.js:1809:37)
	    at _ZoneDelegate.invokeTask (node_modules/zone.js/fesm2015/zone.js:431:33)
	    at _ProxyZoneSpec.onInvokeTask (node_modules/zone.js/fesm2015/zone-testing.js:2163:39)
Chrome Headless 142.0.0.0 (Windows 10): Executed 18 of 83[31m (2 FAILED)[39m (0 secs / 0.806 secs)
[1A[2K[31mChrome Headless 142.0.0.0 (Windows 10) ReceiptUpload Upload Receipt should upload receipt successfully FAILED[39m
	Expected spy MatSnackBar.open to have been called with:
	  [ 'Receipt uploaded successfully!', 'Close', <jasmine.any(Object)> ]
	but it was never called.
	    at <Jasmine>
	    at src/app/features/expenses/receipt-upload/receipt-upload.spec.ts:195:34
	    at timer (node_modules/zone.js/fesm2015/zone.js:1809:37)
	    at _ZoneDelegate.invokeTask (node_modules/zone.js/fesm2015/zone.js:431:33)
	    at _ProxyZoneSpec.onInvokeTask (node_modules/zone.js/fesm2015/zone-testing.js:2163:39)
Chrome Headless 142.0.0.0 (Windows 10): Executed 19 of 83[31m (3 FAILED)[39m (0 secs / 1.083 secs)
[1A[2KChrome Headless 142.0.0.0 (Windows 10): Executed 20 of 83[31m (3 FAILED)[39m (0 secs / 2.197 secs)
[1A[2KChrome Headless 142.0.0.0 (Windows 10): Executed 21 of 83[31m (3 FAILED)[39m (0 secs / 2.202 secs)
[1A[2KChrome Headless 142.0.0.0 (Windows 10): Executed 22 of 83[31m (3 FAILED)[39m (0 secs / 2.205 secs)
[1A[2KChrome Headless 142.0.0.0 (Windows 10): Executed 23 of 83[31m (3 FAILED)[39m (0 secs / 2.208 secs)
[1A[2KChrome Headless 142.0.0.0 (Windows 10): Executed 24 of 83[31m (3 FAILED)[39m (0 secs / 2.216 secs)
[1A[2KChrome Headless 142.0.0.0 (Windows 10): Executed 25 of 83[31m (3 FAILED)[39m (0 secs / 2.221 secs)
[1A[2KChrome Headless 142.0.0.0 (Windows 10): Executed 26 of 83[31m (3 FAILED)[39m (0 secs / 2.226 secs)
[1A[2KChrome Headless 142.0.0.0 (Windows 10): Executed 27 of 83[31m (3 FAILED)[39m (0 secs / 2.23 secs)
[1A[2KChrome Headless 142.0.0.0 (Windows 10): Executed 28 of 83[31m (3 FAILED)[39m (0 secs / 2.234 secs)
[1A[2K[31mChrome Headless 142.0.0.0 (Windows 10) ReceiptUpload File Selection should reject file exceeding size limit FAILED[39m
	Expected spy MatSnackBar.open to have been called with:
	  [ 'File size exceeds 5MB limit', 'Close', <jasmine.any(Object)> ]
	but it was never called.
	    at <Jasmine>
	    at UserContext.<anonymous> (src/app/features/expenses/receipt-upload/receipt-upload.spec.ts:111:32)
	    at _ZoneDelegate.invoke (node_modules/zone.js/fesm2015/zone.js:398:28)
	    at _ProxyZoneSpec.onInvoke (node_modules/zone.js/fesm2015/zone-testing.js:2132:39)
	    at _ZoneDelegate.invoke (node_modules/zone.js/fesm2015/zone.js:397:34)
Chrome Headless 142.0.0.0 (Windows 10): Executed 29 of 83[31m (4 FAILED)[39m (0 secs / 2.309 secs)
[1A[2K[31mChrome Headless 142.0.0.0 (Windows 10) ReceiptUpload File Selection should reject invalid file type FAILED[39m
	Expected spy MatSnackBar.open to have been called with:
	  [ 'Invalid file type', 'Close', <jasmine.any(Object)> ]
	but it was never called.
	    at <Jasmine>
	    at UserContext.<anonymous> (src/app/features/expenses/receipt-upload/receipt-upload.spec.ts:92:32)
	    at _ZoneDelegate.invoke (node_modules/zone.js/fesm2015/zone.js:398:28)
	    at _ProxyZoneSpec.onInvoke (node_modules/zone.js/fesm2015/zone-testing.js:2132:39)
	    at _ZoneDelegate.invoke (node_modules/zone.js/fesm2015/zone.js:397:34)
Chrome Headless 142.0.0.0 (Windows 10): Executed 30 of 83[31m (5 FAILED)[39m (0 secs / 2.318 secs)
[1A[2KChrome Headless 142.0.0.0 (Windows 10): Executed 31 of 83[31m (5 FAILED)[39m (0 secs / 2.325 secs)
[1A[2KChrome Headless 142.0.0.0 (Windows 10): Executed 32 of 83[31m (5 FAILED)[39m (0 secs / 2.331 secs)
[1A[2KChrome Headless 142.0.0.0 (Windows 10): Executed 33 of 83[31m (5 FAILED)[39m (0 secs / 2.336 secs)
[1A[2KChrome Headless 142.0.0.0 (Windows 10): Executed 34 of 83[31m (5 FAILED)[39m (0 secs / 2.34 secs)
[1A[2KChrome Headless 142.0.0.0 (Windows 10): Executed 35 of 83[31m (5 FAILED)[39m (0 secs / 2.345 secs)
[1A[2KChrome Headless 142.0.0.0 (Windows 10): Executed 36 of 83[31m (5 FAILED)[39m (0 secs / 2.349 secs)
[1A[2KChrome Headless 142.0.0.0 (Windows 10): Executed 37 of 83[31m (5 FAILED)[39m (0 secs / 2.375 secs)
[1A[2KChrome Headless 142.0.0.0 (Windows 10): Executed 38 of 83[31m (5 FAILED)[39m (0 secs / 2.386 secs)
[1A[2KChrome Headless 142.0.0.0 (Windows 10): Executed 39 of 83[31m (5 FAILED)[39m (0 secs / 2.398 secs)
[1A[2KChrome Headless 142.0.0.0 (Windows 10): Executed 40 of 83[31m (5 FAILED)[39m (0 secs / 2.426 secs)
[1A[2KChrome Headless 142.0.0.0 (Windows 10): Executed 41 of 83[31m (5 FAILED)[39m (0 secs / 2.436 secs)
[1A[2KChrome Headless 142.0.0.0 (Windows 10): Executed 42 of 83[31m (5 FAILED)[39m (0 secs / 2.447 secs)
[1A[2KChrome Headless 142.0.0.0 (Windows 10): Executed 43 of 83[31m (5 FAILED)[39m (0 secs / 2.462 secs)
[1A[2KChrome Headless 142.0.0.0 (Windows 10): Executed 44 of 83[31m (5 FAILED)[39m (0 secs / 2.475 secs)
[1A[2KChrome Headless 142.0.0.0 (Windows 10): Executed 45 of 83[31m (5 FAILED)[39m (0 secs / 2.488 secs)
[1A[2KChrome Headless 142.0.0.0 (Windows 10): Executed 46 of 83[31m (5 FAILED)[39m (0 secs / 2.496 secs)
[1A[2KChrome Headless 142.0.0.0 (Windows 10): Executed 47 of 83[31m (5 FAILED)[39m (0 secs / 2.506 secs)
[1A[2KChrome Headless 142.0.0.0 (Windows 10): Executed 48 of 83[31m (5 FAILED)[39m (0 secs / 2.517 secs)
[1A[2KChrome Headless 142.0.0.0 (Windows 10): Executed 49 of 83[31m (5 FAILED)[39m (0 secs / 2.532 secs)
[1A[2KChrome Headless 142.0.0.0 (Windows 10): Executed 50 of 83[31m (5 FAILED)[39m (0 secs / 2.541 secs)
[1A[2KChrome Headless 142.0.0.0 (Windows 10): Executed 51 of 83[31m (5 FAILED)[39m (0 secs / 2.555 secs)
[1A[2KChrome Headless 142.0.0.0 (Windows 10): Executed 52 of 83[31m (5 FAILED)[39m (0 secs / 2.565 secs)
[1A[2KChrome Headless 142.0.0.0 (Windows 10): Executed 53 of 83[31m (5 FAILED)[39m (0 secs / 2.573 secs)
[1A[2KChrome Headless 142.0.0.0 (Windows 10): Executed 54 of 83[31m (5 FAILED)[39m (0 secs / 2.587 secs)
[1A[2KERROR: [36m'Login error:', Error: Invalid login credentials
Error: Invalid login credentials
    at http://localhost:9876/base/src/app/features/auth/login/login.component.spec.ts:95:24
    at _Observable.init [as _subscribe] (http://localhost:9876/base/node_modules/rxjs/dist/esm/internal/observable/throwError.js:5:51)
    at _Observable._trySubscribe (http://localhost:9876/base/node_modules/rxjs/dist/esm/internal/Observable.js:37:25)
    at http://localhost:9876/base/node_modules/rxjs/dist/esm/internal/Observable.js:31:30
    at errorContext (http://localhost:9876/base/node_modules/rxjs/dist/esm/internal/util/errorContext.js:19:9)
    at _Observable.subscribe (http://localhost:9876/base/node_modules/rxjs/dist/esm/internal/Observable.js:22:9)
    at LoginComponent2.<anonymous> (http://localhost:9876/base/src/app/features/auth/login/login.component.ts:87:50)
    at Generator.next (<anonymous>)
    at http://localhost:9876/base/chunk-S35DAJRX.js:80:61
    at new ZoneAwarePromise (http://localhost:9876/base/node_modules/zone.js/fesm2015/zone.js:2701:25)[39m
Chrome Headless 142.0.0.0 (Windows 10): Executed 54 of 83[31m (5 FAILED)[39m (0 secs / 2.587 secs)
ERROR: 'Login error:', Error: Invalid login credentials
Error: Invalid login credentials
    at http://localhost:9876/base/src/app/features/auth/login/login.component.spec.ts:95:24
    at _Observable.init [as _subscribe] (http://localhost:9876/base/node_modules/rxjs/dist/esm/internal/observable/throwError.js:5:51)
    at _Observable._trySubscribe (http://localhost:9876/base/node_modules/rxjs/dist/esm/internal/Observable.js:37:25)
    at http://localhost:9876/base/node_modules/rxjs/dist/esm/internal/Observable.js:31:30
    at errorContext (http://localhost:9876/base/node_modules/rxjs/dist/esm/internal/util/errorContext.js:19:9)
    at _Observable.subscribe (http://localhost:9876/base/node_modules/rxjs/dist/esm/internal/Observable.js:22:9)
    at LoginComponent2.<anonymous> (http://localhost:9876/base/src/app/features/auth/login/login.component.ts:87:50)
    at Generator.next (<anonymous>)
    at http://localhost:9876/base/chunk-S35DAJRX.js:80:61
    at new ZoneAwarePromise (http://localhost:9876/base/node_modules/zone.js/fesm2015/zone.js:2701:25)
[1A[2KChrome Headless 142.0.0.0 (Windows 10): Executed 55 of 83[31m (5 FAILED)[39m (0 secs / 2.6 secs)
[1A[2K[31mChrome Headless 142.0.0.0 (Windows 10) LoginComponent should call authService.signIn on valid form submission FAILED[39m
	Expected spy navigate to have been called with:
	  [ [ '/expenses' ] ]
	but it was never called.
	    at <Jasmine>
	    at src/app/features/auth/login/login.component.spec.ts:90:33
	    at Generator.next (<anonymous>)
	    at chunk-S35DAJRX.js:80:61
	    at new ZoneAwarePromise (node_modules/zone.js/fesm2015/zone.js:2701:25)
Chrome Headless 142.0.0.0 (Windows 10): Executed 56 of 83[31m (6 FAILED)[39m (0 secs / 2.618 secs)
[1A[2KERROR: [36mTypeError: this.authService.refreshUserProfile is not a function
TypeError: this.authService.refreshUserProfile is not a function
    at LoginComponent2.<anonymous> (http://localhost:9876/base/src/app/features/auth/login/login.component.ts:91:34)
    at Generator.next (<anonymous>)
    at http://localhost:9876/base/chunk-S35DAJRX.js:80:61
    at new ZoneAwarePromise (http://localhost:9876/base/node_modules/zone.js/fesm2015/zone.js:2701:25)
    at __async (http://localhost:9876/base/chunk-S35DAJRX.js:64:10)
    at Object.next (http://localhost:9876/base/src/app/features/auth/login/login.component.ts:88:30)
    at ConsumerObserver.next (http://localhost:9876/base/node_modules/rxjs/dist/esm/internal/Subscriber.js:91:33)
    at SafeSubscriber._next (http://localhost:9876/base/node_modules/rxjs/dist/esm/internal/Subscriber.js:60:26)
    at SafeSubscriber.next (http://localhost:9876/base/node_modules/rxjs/dist/esm/internal/Subscriber.js:31:18)
    at _Observable._subscribe (http://localhost:9876/base/node_modules/rxjs/dist/esm/internal/observable/innerFrom.js:51:24)[39m
Chrome Headless 142.0.0.0 (Windows 10): Executed 56 of 83[31m (6 FAILED)[39m (0 secs / 2.618 secs)
ERROR: TypeError: this.authService.refreshUserProfile is not a function
TypeError: this.authService.refreshUserProfile is not a function
    at LoginComponent2.<anonymous> (http://localhost:9876/base/src/app/features/auth/login/login.component.ts:91:34)
    at Generator.next (<anonymous>)
    at http://localhost:9876/base/chunk-S35DAJRX.js:80:61
    at new ZoneAwarePromise (http://localhost:9876/base/node_modules/zone.js/fesm2015/zone.js:2701:25)
    at __async (http://localhost:9876/base/chunk-S35DAJRX.js:64:10)
    at Object.next (http://localhost:9876/base/src/app/features/auth/login/login.component.ts:88:30)
    at ConsumerObserver.next (http://localhost:9876/base/node_modules/rxjs/dist/esm/internal/Subscriber.js:91:33)
    at SafeSubscriber._next (http://localhost:9876/base/node_modules/rxjs/dist/esm/internal/Subscriber.js:60:26)
    at SafeSubscriber.next (http://localhost:9876/base/node_modules/rxjs/dist/esm/internal/Subscriber.js:31:18)
    at _Observable._subscribe (http://localhost:9876/base/node_modules/rxjs/dist/esm/internal/observable/innerFrom.js:51:24)
[1A[2KChrome Headless 142.0.0.0 (Windows 10): Executed 57 of 83[31m (6 FAILED)[39m (0 secs / 2.629 secs)
[1A[2KChrome Headless 142.0.0.0 (Windows 10): Executed 58 of 83[31m (6 FAILED)[39m (0 secs / 2.638 secs)
[1A[2KChrome Headless 142.0.0.0 (Windows 10): Executed 59 of 83[31m (6 FAILED)[39m (0 secs / 2.645 secs)
[1A[2KChrome Headless 142.0.0.0 (Windows 10): Executed 60 of 83[31m (6 FAILED)[39m (0 secs / 2.653 secs)
[1A[2KChrome Headless 142.0.0.0 (Windows 10): Executed 61 of 83[31m (6 FAILED)[39m (0 secs / 2.66 secs)
[1A[2KChrome Headless 142.0.0.0 (Windows 10): Executed 62 of 83[31m (6 FAILED)[39m (0 secs / 2.669 secs)
[1A[2KChrome Headless 142.0.0.0 (Windows 10): Executed 63 of 83[31m (6 FAILED)[39m (0 secs / 2.682 secs)
[1A[2KChrome Headless 142.0.0.0 (Windows 10): Executed 64 of 83[31m (6 FAILED)[39m (0 secs / 2.691 secs)
[1A[2KChrome Headless 142.0.0.0 (Windows 10): Executed 65 of 83[31m (6 FAILED)[39m (0 secs / 2.693 secs)
[1A[2KChrome Headless 142.0.0.0 (Windows 10): Executed 66 of 83[31m (6 FAILED)[39m (0 secs / 2.695 secs)
[1A[2KChrome Headless 142.0.0.0 (Windows 10): Executed 67 of 83[31m (6 FAILED)[39m (0 secs / 2.697 secs)
[1A[2KChrome Headless 142.0.0.0 (Windows 10): Executed 68 of 83[31m (6 FAILED)[39m (0 secs / 2.7 secs)
[1A[2KChrome Headless 142.0.0.0 (Windows 10): Executed 69 of 83[31m (6 FAILED)[39m (0 secs / 2.772 secs)
[1A[2KChrome Headless 142.0.0.0 (Windows 10): Executed 70 of 83[31m (6 FAILED)[39m (0 secs / 2.775 secs)
[1A[2KChrome Headless 142.0.0.0 (Windows 10): Executed 71 of 83[31m (6 FAILED)[39m (0 secs / 2.776 secs)
[1A[2KChrome Headless 142.0.0.0 (Windows 10): Executed 72 of 83[31m (6 FAILED)[39m (0 secs / 2.777 secs)
[1A[2KChrome Headless 142.0.0.0 (Windows 10): Executed 73 of 83[31m (6 FAILED)[39m (0 secs / 2.852 secs)
[1A[2KChrome Headless 142.0.0.0 (Windows 10): Executed 74 of 83[31m (6 FAILED)[39m (0 secs / 2.857 secs)
[1A[2KChrome Headless 142.0.0.0 (Windows 10): Executed 75 of 83[31m (6 FAILED)[39m (0 secs / 2.859 secs)
[1A[2KChrome Headless 142.0.0.0 (Windows 10): Executed 76 of 83[31m (6 FAILED)[39m (0 secs / 2.86 secs)
[1A[2KChrome Headless 142.0.0.0 (Windows 10): Executed 77 of 83[31m (6 FAILED)[39m (0 secs / 2.861 secs)
[1A[2KChrome Headless 142.0.0.0 (Windows 10): Executed 78 of 83[31m (6 FAILED)[39m (0 secs / 2.862 secs)
[1A[2KChrome Headless 142.0.0.0 (Windows 10): Executed 79 of 83[31m (6 FAILED)[39m (0 secs / 2.862 secs)
[1A[2KChrome Headless 142.0.0.0 (Windows 10): Executed 80 of 83[31m (6 FAILED)[39m (0 secs / 2.863 secs)
[1A[2KChrome Headless 142.0.0.0 (Windows 10): Executed 81 of 83[31m (6 FAILED)[39m (0 secs / 2.864 secs)
[1A[2KChrome Headless 142.0.0.0 (Windows 10): Executed 82 of 83[31m (6 FAILED)[39m (0 secs / 2.88 secs)
[1A[2KERROR: [36m'ERROR', TypeError: You provided 'undefined' where a stream was expected. You can provide an Observable, Promise, ReadableStream, Array, AsyncIterable, or Iterable.
TypeError: You provided 'undefined' where a stream was expected. You can provide an Observable, Promise, ReadableStream, Array, AsyncIterable, or Iterable.
    at createInvalidObservableTypeError (http://localhost:9876/base/node_modules/rxjs/dist/esm/internal/util/throwUnobservableError.js:2:12)
    at innerFrom (http://localhost:9876/base/node_modules/rxjs/dist/esm/internal/observable/innerFrom.js:37:11)
    at from (http://localhost:9876/base/node_modules/rxjs/dist/esm/internal/observable/from.js:4:54)
    at http://localhost:9876/base/node_modules/rxjs/dist/esm/internal/observable/combineLatest.js:33:36
    at maybeSchedule (http://localhost:9876/base/node_modules/rxjs/dist/esm/internal/observable/combineLatest.js:59:9)
    at http://localhost:9876/base/node_modules/rxjs/dist/esm/internal/observable/combineLatest.js:32:17
    at maybeSchedule (http://localhost:9876/base/node_modules/rxjs/dist/esm/internal/observable/combineLatest.js:59:9)
    at _Observable._subscribe (http://localhost:9876/base/node_modules/rxjs/dist/esm/internal/observable/combineLatest.js:26:9)
    at _Observable._trySubscribe (http://localhost:9876/base/node_modules/rxjs/dist/esm/internal/Observable.js:37:25)
    at http://localhost:9876/base/node_modules/rxjs/dist/esm/internal/Observable.js:31:30[39m
Chrome Headless 142.0.0.0 (Windows 10): Executed 82 of 83[31m (6 FAILED)[39m (0 secs / 2.88 secs)
ERROR: 'ERROR', TypeError: You provided 'undefined' where a stream was expected. You can provide an Observable, Promise, ReadableStream, Array, AsyncIterable, or Iterable.
TypeError: You provided 'undefined' where a stream was expected. You can provide an Observable, Promise, ReadableStream, Array, AsyncIterable, or Iterable.
    at createInvalidObservableTypeError (http://localhost:9876/base/node_modules/rxjs/dist/esm/internal/util/throwUnobservableError.js:2:12)
    at innerFrom (http://localhost:9876/base/node_modules/rxjs/dist/esm/internal/observable/innerFrom.js:37:11)
    at from (http://localhost:9876/base/node_modules/rxjs/dist/esm/internal/observable/from.js:4:54)
    at http://localhost:9876/base/node_modules/rxjs/dist/esm/internal/observable/combineLatest.js:33:36
    at maybeSchedule (http://localhost:9876/base/node_modules/rxjs/dist/esm/internal/observable/combineLatest.js:59:9)
    at http://localhost:9876/base/node_modules/rxjs/dist/esm/internal/observable/combineLatest.js:32:17
    at maybeSchedule (http://localhost:9876/base/node_modules/rxjs/dist/esm/internal/observable/combineLatest.js:59:9)
    at _Observable._subscribe (http://localhost:9876/base/node_modules/rxjs/dist/esm/internal/observable/combineLatest.js:26:9)
    at _Observable._trySubscribe (http://localhost:9876/base/node_modules/rxjs/dist/esm/internal/Observable.js:37:25)
    at http://localhost:9876/base/node_modules/rxjs/dist/esm/internal/Observable.js:31:30
[1A[2K[31mChrome Headless 142.0.0.0 (Windows 10) App should render toolbar outlet FAILED[39m
	Expected null to be truthy.
	    at <Jasmine>
	    at UserContext.<anonymous> (src/app/app.spec.ts:36:53)
	    at _ZoneDelegate.invoke (node_modules/zone.js/fesm2015/zone.js:398:28)
	    at _ProxyZoneSpec.onInvoke (node_modules/zone.js/fesm2015/zone-testing.js:2132:39)
	    at _ZoneDelegate.invoke (node_modules/zone.js/fesm2015/zone.js:397:34)
Chrome Headless 142.0.0.0 (Windows 10): Executed 83 of 83[31m (7 FAILED)[39m (0 secs / 2.885 secs)
[1A[2KChrome Headless 142.0.0.0 (Windows 10): Executed 83 of 83[31m (7 FAILED)[39m (2.982 secs / 2.885 secs)
[31mTOTAL: 7 FAILED, 76 SUCCESS[39m
